<?xml version="1.0" encoding="UTF-8"?>
<testsuite name="plu.yellow.reversi.test.BoardTest" tests="4" skipped="0" failures="0" errors="0" timestamp="2017-04-05T20:42:37" hostname="roam-213-161.plu.edu" time="0.265">
  <properties/>
  <testcase name="testPlaceMove" classname="plu.yellow.reversi.test.BoardTest" time="0.248"/>
  <testcase name="testScore" classname="plu.yellow.reversi.test.BoardTest" time="0.005"/>
  <testcase name="checkSpace" classname="plu.yellow.reversi.test.BoardTest" time="0.002"/>
  <testcase name="TestCheckSpace" classname="plu.yellow.reversi.test.BoardTest" time="0.003"/>
  <system-out><![CDATA[black: 1,white:2
0 0 0 0 0 0 0 0 
0 0 0 0 0 0 0 0 
0 0 0 0 0 0 0 0 
0 0 0 1 2 0 0 0 
0 0 0 2 1 0 0 0 
0 0 0 0 0 0 0 0 
0 0 0 0 0 0 0 0 
0 0 0 0 0 0 0 0 
0 0 0 0 0 0 0 0 
0 0 0 0 0 0 0 0 
0 0 0 0 0 0 0 0 
0 0 0 1 2 0 0 0 
0 0 0 2 1 0 0 0 
0 0 0 0 0 0 0 0 
0 0 0 0 0 0 0 0 
0 0 0 0 0 0 0 0 
5, 3
Flipping in dir 4

0 0 0 0 0 0 0 0 
0 0 0 0 0 0 0 0 
0 0 0 0 0 0 0 0 
0 0 0 1 2 0 0 0 
0 0 0 1 1 0 0 0 
0 0 0 1 0 0 0 0 
0 0 0 0 0 0 0 0 
0 0 0 0 0 0 0 0 
3, 2
Flipping in dir 2

0 0 0 0 0 0 0 0 
0 0 0 0 0 0 0 0 
0 0 0 0 0 0 0 0 
0 0 2 2 2 0 0 0 
0 0 0 1 1 0 0 0 
0 0 0 1 0 0 0 0 
0 0 0 0 0 0 0 0 
0 0 0 0 0 0 0 0 
2, 1
Flipping in dir 1

0 0 0 0 0 0 0 0 
0 0 0 0 0 0 0 0 
0 1 0 0 0 0 0 0 
0 0 1 2 2 0 0 0 
0 0 0 1 1 0 0 0 
0 0 0 1 0 0 0 0 
0 0 0 0 0 0 0 0 
0 0 0 0 0 0 0 0 
next should be invaild
1, 0
Move is unavailable

0 0 0 0 0 0 0 0 
0 0 0 0 0 0 0 0 
0 1 0 0 0 0 0 0 
0 0 1 2 2 0 0 0 
0 0 0 1 1 0 0 0 
0 0 0 1 0 0 0 0 
0 0 0 0 0 0 0 0 
0 0 0 0 0 0 0 0 
5, 5
Flipping in dir 5

0 0 0 0 0 0 0 0 
0 0 0 0 0 0 0 0 
0 1 0 0 0 0 0 0 
0 0 1 2 2 0 0 0 
0 0 0 1 2 0 0 0 
0 0 0 1 0 2 0 0 
0 0 0 0 0 0 0 0 
0 0 0 0 0 0 0 0 
3, 5
Flipping in dir 6
Flipping in dir 7

0 0 0 0 0 0 0 0 
0 0 0 0 0 0 0 0 
0 1 0 0 0 0 0 0 
0 0 1 1 1 1 0 0 
0 0 0 1 1 0 0 0 
0 0 0 1 0 2 0 0 
0 0 0 0 0 0 0 0 
0 0 0 0 0 0 0 0 
black: 1,white:2
0 0 0 0 0 0 0 0 
0 0 0 0 0 0 0 0 
0 0 0 0 0 0 0 0 
0 0 0 1 2 0 0 0 
0 0 0 2 1 0 0 0 
0 0 0 0 0 0 0 0 
0 0 0 0 0 0 0 0 
0 0 0 0 0 0 0 0 
black: 1,white:2
0 0 0 0 0 0 0 0 
0 0 0 0 0 0 0 0 
0 0 0 0 0 0 0 0 
0 0 0 1 2 0 0 0 
0 0 0 2 1 0 0 0 
0 0 0 0 0 0 0 0 
0 0 0 0 0 0 0 0 
0 0 0 0 0 0 0 0 
0, 0
Move is unavailable
black: 1,white:2
0 0 0 0 0 0 0 0 
0 0 0 0 0 0 0 0 
0 0 0 0 0 0 0 0 
0 0 0 1 2 0 0 0 
0 0 0 2 1 0 0 0 
0 0 0 0 0 0 0 0 
0 0 0 0 0 0 0 0 
0 0 0 0 0 0 0 0 
5, 3
Flipping in dir 4
]]></system-out>
  <system-err><![CDATA[]]></system-err>
</testsuite>
